<?xml version="1.0" encoding="UTF-8"?>
<!-- Generated by org.testng.reporters.JUnitXMLReporter -->
<testsuite hostname="ROCKET" ignored="13" name="Test" tests="3" failures="0" timestamp="16 Jun 2020 13:13:36 GMT" time="49.364" errors="0">
  <testcase name="@BeforeTest openBrowser" time="48.475" classname="com.selenium.demo.selenium.demo.practice.PopUp">
    <failure type="java.lang.NullPointerException" message="null value in entry: url=null">
      <![CDATA[java.lang.NullPointerException: null value in entry: url=null
at com.google.common.collect.CollectPreconditions.checkEntryNotNull(CollectPreconditions.java:34)
at com.google.common.collect.SingletonImmutableBiMap.<init>(SingletonImmutableBiMap.java:42)
at com.google.common.collect.ImmutableBiMap.of(ImmutableBiMap.java:73)
at com.google.common.collect.ImmutableMap.of(ImmutableMap.java:123)
at org.openqa.selenium.remote.RemoteWebDriver.get(RemoteWebDriver.java:325)
at com.selenium.demo.selenium.demo.practice.PopUp.openBrowser(PopUp.java:53)
... Removed 24 stack frames]]>
    </failure>
  </testcase> <!-- @BeforeTest openBrowser -->
  <testcase name="@BeforeTest openBrowser" time="0.0" classname="com.selenium.demo.selenium.demo.practice.UserRegistration">
    <skipped/>
  </testcase> <!-- @BeforeTest openBrowser -->
  <testcase name="@BeforeTest openBrowser" time="0.0" classname="com.selenium.demo.selenium.demo.practice.buyProduct">
    <skipped/>
  </testcase> <!-- @BeforeTest openBrowser -->
  <testcase name="SearchProductFunctionality" time="0.0" classname="com.selenium.demo.selenium.demo.practice.buyProduct">
    <skipped/>
  </testcase> <!-- SearchProductFunctionality -->
  <testcase name="handlingFrame" time="0.0" classname="com.selenium.demo.selenium.demo.practice.PopUp">
    <skipped/>
  </testcase> <!-- handlingFrame -->
  <testcase name="enterInvalidData" time="0.0" classname="com.selenium.demo.selenium.demo.practice.UserRegistration">
    <skipped/>
  </testcase> <!-- enterInvalidData -->
  <testcase name="shoppingCartSummaryPage" time="0.0" classname="com.selenium.demo.selenium.demo.practice.buyProduct">
    <ignored/>
  </testcase> <!-- shoppingCartSummaryPage -->
  <testcase name="User_Registration_Process" time="0.0" classname="com.selenium.demo.selenium.demo.practice.UserRegistration">
    <ignored/>
  </testcase> <!-- User_Registration_Process -->
  <testcase name="validateUser" time="0.0" classname="com.selenium.demo.selenium.demo.practice.UserRegistration">
    <ignored/>
  </testcase> <!-- validateUser -->
  <testcase name="textColor" time="0.0" classname="com.selenium.demo.selenium.demo.practice.PopUp">
    <ignored/>
  </testcase> <!-- textColor -->
  <testcase name="newTab" time="0.0" classname="com.selenium.demo.selenium.demo.practice.PopUp">
    <ignored/>
  </testcase> <!-- newTab -->
  <testcase name="toolTips" time="0.0" classname="com.selenium.demo.selenium.demo.practice.PopUp">
    <ignored/>
  </testcase> <!-- toolTips -->
  <testcase name="verifyAddToWishList" time="0.0" classname="com.selenium.demo.selenium.demo.practice.buyProduct">
    <ignored/>
  </testcase> <!-- verifyAddToWishList -->
  <testcase name="invalidUser" time="0.0" classname="com.selenium.demo.selenium.demo.practice.UserRegistration">
    <ignored/>
  </testcase> <!-- invalidUser -->
  <testcase name="handleNewBrowser" time="0.0" classname="com.selenium.demo.selenium.demo.practice.PopUp">
    <ignored/>
  </testcase> <!-- handleNewBrowser -->
  <testcase name="browserWindow" time="0.0" classname="com.selenium.demo.selenium.demo.practice.PopUp">
    <ignored/>
  </testcase> <!-- browserWindow -->
  <testcase name="endToEndTestCase" time="0.0" classname="com.selenium.demo.selenium.demo.practice.buyProduct">
    <ignored/>
  </testcase> <!-- endToEndTestCase -->
  <testcase name="JavascriptAlert" time="0.0" classname="com.selenium.demo.selenium.demo.practice.PopUp">
    <ignored/>
  </testcase> <!-- JavascriptAlert -->
  <testcase name="dragDrop" time="0.0" classname="com.selenium.demo.selenium.demo.practice.PopUp">
    <ignored/>
  </testcase> <!-- dragDrop -->
</testsuite> <!-- Test -->
